{"/home/wasik.amin/labs-bootcamp/Stream/typescript/ts-testing/src/1.ts": {"path":"/home/wasik.amin/labs-bootcamp/Stream/typescript/ts-testing/src/1.ts","statementMap":{"0":{"start":{"line":2,"column":4},"end":{"line":2,"column":null}},"1":{"start":{"line":1,"column":0},"end":{"line":1,"column":16}},"2":{"start":{"line":6,"column":4},"end":{"line":6,"column":null}},"3":{"start":{"line":5,"column":0},"end":{"line":5,"column":16}}},"fnMap":{"0":{"name":"sum","decl":{"start":{"line":1,"column":16},"end":{"line":1,"column":19}},"loc":{"start":{"line":1,"column":46},"end":{"line":3,"column":1}}},"1":{"name":"calculateSquareSurfaceArea","decl":{"start":{"line":5,"column":16},"end":{"line":5,"column":42}},"loc":{"start":{"line":5,"column":55},"end":{"line":7,"column":1}}}},"branchMap":{},"s":{"0":2,"1":1,"2":1,"3":1},"f":{"0":2,"1":1},"b":{}}
,"/home/wasik.amin/labs-bootcamp/Stream/typescript/ts-testing/src/2.ts": {"path":"/home/wasik.amin/labs-bootcamp/Stream/typescript/ts-testing/src/2.ts","statementMap":{"0":{"start":{"line":6,"column":4},"end":{"line":15,"column":null}},"1":{"start":{"line":9,"column":8},"end":{"line":11,"column":null}},"2":{"start":{"line":10,"column":12},"end":{"line":10,"column":null}},"3":{"start":{"line":12,"column":8},"end":{"line":12,"column":null}},"4":{"start":{"line":13,"column":30},"end":{"line":13,"column":34}},"5":{"start":{"line":14,"column":8},"end":{"line":14,"column":null}},"6":{"start":{"line":5,"column":0},"end":{"line":5,"column":16}},"7":{"start":{"line":21,"column":4},"end":{"line":28,"column":null}},"8":{"start":{"line":22,"column":8},"end":{"line":25,"column":11}},"9":{"start":{"line":23,"column":12},"end":{"line":23,"column":null}},"10":{"start":{"line":24,"column":12},"end":{"line":24,"column":null}},"11":{"start":{"line":27,"column":8},"end":{"line":27,"column":null}},"12":{"start":{"line":20,"column":0},"end":{"line":20,"column":16}}},"fnMap":{"0":{"name":"getPosts","decl":{"start":{"line":5,"column":16},"end":{"line":5,"column":24}},"loc":{"start":{"line":5,"column":24},"end":{"line":16,"column":1}}},"1":{"name":"(anonymous_1)","decl":{"start":{"line":8,"column":12},"end":{"line":8,"column":13}},"loc":{"start":{"line":8,"column":25},"end":{"line":13,"column":5}}},"2":{"name":"(anonymous_2)","decl":{"start":{"line":13,"column":12},"end":{"line":13,"column":13}},"loc":{"start":{"line":13,"column":30},"end":{"line":13,"column":34}}},"3":{"name":"(anonymous_3)","decl":{"start":{"line":13,"column":42},"end":{"line":13,"column":43}},"loc":{"start":{"line":13,"column":52},"end":{"line":15,"column":5}}},"4":{"name":"postsPrinter","decl":{"start":{"line":20,"column":16},"end":{"line":20,"column":28}},"loc":{"start":{"line":20,"column":41},"end":{"line":29,"column":1}}},"5":{"name":"(anonymous_5)","decl":{"start":{"line":21,"column":21},"end":{"line":21,"column":22}},"loc":{"start":{"line":21,"column":30},"end":{"line":26,"column":5}}},"6":{"name":"(anonymous_6)","decl":{"start":{"line":22,"column":21},"end":{"line":22,"column":22}},"loc":{"start":{"line":22,"column":36},"end":{"line":25,"column":9}}},"7":{"name":"(anonymous_7)","decl":{"start":{"line":26,"column":13},"end":{"line":26,"column":14}},"loc":{"start":{"line":26,"column":23},"end":{"line":28,"column":5}}}},"branchMap":{"0":{"loc":{"start":{"line":9,"column":8},"end":{"line":11,"column":null}},"type":"if","locations":[{"start":{"line":9,"column":8},"end":{"line":11,"column":null}}]}},"s":{"0":0,"1":0,"2":0,"3":0,"4":0,"5":0,"6":1,"7":2,"8":1,"9":1,"10":1,"11":1,"12":1},"f":{"0":0,"1":0,"2":0,"3":0,"4":2,"5":1,"6":1,"7":1},"b":{"0":[0]}}
}
