TN:
SF:src/1.ts
FN:1,sum
FN:5,calculateSquareSurfaceArea
FNF:2
FNH:2
FNDA:2,sum
FNDA:1,calculateSquareSurfaceArea
DA:1,1
DA:2,2
DA:5,1
DA:6,1
LF:4
LH:4
BRF:0
BRH:0
end_of_record
TN:
SF:src/2.ts
FN:5,getPosts
FN:8,(anonymous_1)
FN:13,(anonymous_2)
FN:13,(anonymous_3)
FN:20,postsPrinter
FN:21,(anonymous_5)
FN:22,(anonymous_6)
FN:26,(anonymous_7)
FNF:8
FNH:4
FNDA:0,getPosts
FNDA:0,(anonymous_1)
FNDA:0,(anonymous_2)
FNDA:0,(anonymous_3)
FNDA:2,postsPrinter
FNDA:1,(anonymous_5)
FNDA:1,(anonymous_6)
FNDA:1,(anonymous_7)
DA:5,1
DA:6,0
DA:9,0
DA:10,0
DA:12,0
DA:13,0
DA:14,0
DA:20,1
DA:21,2
DA:22,1
DA:23,1
DA:24,1
DA:27,1
LF:13
LH:7
BRDA:9,0,0,0
BRF:1
BRH:0
end_of_record
